<testsuite name="Mocha Tests" tests="16" failures="0" errors="0" skipped="0" timestamp="Mon, 15 Aug 2016 13:06:15 GMT" time="3.743">
<testcase classname="end to end on page load" name="displays TODO title" time="0.252"/>
<testcase classname="end to end on page load" name="displays empty TODO list" time="0.091"/>
<testcase classname="end to end on page load" name="displays an error if the request fails" time="0.088"/>
<testcase classname="end to end on create todo item" name="clears the input field" time="0.191"/>
<testcase classname="end to end on create todo item" name="adds the todo item to the list" time="0.192"/>
<testcase classname="end to end on create todo item" name="displays an error if the request fails" time="0.163"/>
<testcase classname="end to end on create todo item" name="can be done multiple times" time="0.275"/>
<testcase classname="server get list of todos" name="responds with status code 200" time="0.01"/>
<testcase classname="server get list of todos" name="responds with a body encoded as JSON in UTF-8" time="0"/>
<testcase classname="server get list of todos" name="responds with a body that is a JSON empty array" time="0.012"/>
<testcase classname="server create a new todo" name="responds with status code 201" time="0.006"/>
<testcase classname="server create a new todo" name="responds with the location of the newly added resource" time="0.006"/>
<testcase classname="server create a new todo" name="inserts the todo at the end of the list of todos" time="0.01"/>
<testcase classname="server delete a todo" name="responds with status code 404 if there is no such item" time="0"/>
<testcase classname="server delete a todo" name="responds with status code 200" time="0"/>
<testcase classname="server delete a todo" name="removes the item from the list of todos" time="0.02"/>
</testsuite>
